<?xml version="1.0" encoding="UTF-8"?>
<!-- Generated by org.testng.reporters.JUnitReportReporter -->
<testsuite hostname="DESKTOP-15K0U18" failures="0" tests="1" name="test.week4hw3" time="8.990" errors="0" timestamp="2021-10-09T21:55:00 PDT" skipped="0">
  <testcase classname="test.week4hw3" name="invalidPasswordLogin" time="8.990"/>
  <system-out/>
</testsuite> <!-- test.week4hw3 -->
