<?xml version="1.0" encoding="UTF-8"?>
<!-- Generated by org.testng.reporters.JUnitReportReporter -->
<testsuite hostname="DESKTOP-15K0U18" failures="0" tests="1" name="homeworks.week2hw2" time="15.044" errors="0" timestamp="2021-10-04T17:33:23 PDT" skipped="0">
  <testcase classname="homeworks.week2hw2" name="login" time="15.044"/>
  <system-out/>
</testsuite> <!-- homeworks.week2hw2 -->
