<?xml version="1.0" encoding="UTF-8"?>
<!-- Generated by org.testng.reporters.JUnitReportReporter -->
<testsuite hostname="DESKTOP-15K0U18" failures="0" tests="3" name="com.neotech.lesson03.task" time="39.731" errors="0" timestamp="2021-10-05T18:25:31 PDT" skipped="0">
  <testcase classname="com.neotech.lesson03.task" name="addEmp" time="13.638"/>
  <system-out/>
  <testcase classname="com.neotech.lesson03.task" name="addEmp" time="13.335"/>
  <system-out/>
  <testcase classname="com.neotech.lesson03.task" name="addEmp" time="12.758"/>
  <system-out/>
</testsuite> <!-- com.neotech.lesson03.task -->
