<?xml version="1.0" encoding="UTF-8"?>
<!-- Generated by org.testng.reporters.JUnitReportReporter -->
<testsuite hostname="DESKTOP-15K0U18" failures="0" tests="3" name="com.neotech.lesson01.TestNGDemo" time="0.009" errors="0" timestamp="2021-10-02T09:11:32 PDT" skipped="0">
  <testcase classname="com.neotech.lesson01.TestNGDemo" name="testOne" time="0.006"/>
  <system-out/>
  <testcase classname="com.neotech.lesson01.TestNGDemo" name="testTwo" time="0.001"/>
  <system-out/>
  <testcase classname="com.neotech.lesson01.TestNGDemo" name="testThree" time="0.002"/>
  <system-out/>
</testsuite> <!-- com.neotech.lesson01.TestNGDemo -->
