<?xml version="1.0" encoding="UTF-8"?>
<!-- Generated by org.testng.reporters.JUnitReportReporter -->
<testsuite hostname="DESKTOP-15K0U18" failures="0" tests="2" name="com.neotech.lesson01.TestNGAnnotations" time="0.004" errors="0" timestamp="2021-10-02T09:56:06 PDT" skipped="0">
  <testcase classname="com.neotech.lesson01.TestNGAnnotations" name="test1" time="0.004"/>
  <system-out/>
  <testcase classname="com.neotech.lesson01.TestNGAnnotations" name="test2" time="0.000"/>
  <system-out/>
</testsuite> <!-- com.neotech.lesson01.TestNGAnnotations -->
