<?xml version="1.0" encoding="UTF-8"?>
<!-- Generated by org.testng.reporters.JUnitReportReporter -->
<testsuite hostname="DESKTOP-15K0U18" failures="0" tests="4" name="com.neotech.lesson02.Enable" time="0.005" errors="0" timestamp="2021-10-09T13:12:20 PDT" skipped="1">
  <testcase classname="com.neotech.lesson02.Enable" name="fourthTest" time="0.002"/>
  <system-out/>
  <testcase classname="com.neotech.lesson02.Enable" name="secondTest" time="0.001"/>
  <system-out/>
  <testcase classname="com.neotech.lesson02.Enable" name="thirdTest" time="0.002"/>
  <system-out/>
  <testcase classname="com.neotech.lesson02.Enable" name="firstMethod">
    <skipped/>
  </testcase> <!-- firstMethod -->
  <system-out/>
</testsuite> <!-- com.neotech.lesson02.Enable -->
