<?xml version="1.0" encoding="UTF-8"?>
<!-- Generated by org.testng.reporters.JUnitReportReporter -->
<testsuite hostname="DESKTOP-15K0U18" failures="0" tests="4" name="com.neotech.lesson02.priorityDemo" time="0.003" errors="0" timestamp="2021-10-09T13:12:20 PDT" skipped="0">
  <testcase classname="com.neotech.lesson02.priorityDemo" name="firstMethod" time="0.001"/>
  <system-out/>
  <testcase classname="com.neotech.lesson02.priorityDemo" name="fourthTest" time="0.000"/>
  <system-out/>
  <testcase classname="com.neotech.lesson02.priorityDemo" name="secondTest" time="0.001"/>
  <system-out/>
  <testcase classname="com.neotech.lesson02.priorityDemo" name="thirdTest" time="0.001"/>
  <system-out/>
</testsuite> <!-- com.neotech.lesson02.priorityDemo -->
