<?xml version="1.0" encoding="UTF-8"?>
<!-- Generated by org.testng.reporters.JUnitReportReporter -->
<testsuite hostname="DESKTOP-15K0U18" failures="0" tests="3" name="com.neotech.lesson01.TitleAndLoginValidation" time="25.108" errors="0" timestamp="2021-10-02T11:50:29 PDT" skipped="0">
  <testcase classname="com.neotech.lesson01.TitleAndLoginValidation" name="logoValidation" time="7.253"/>
  <system-out/>
  <testcase classname="com.neotech.lesson01.TitleAndLoginValidation" name="loginValidation" time="9.889"/>
  <system-out/>
  <testcase classname="com.neotech.lesson01.TitleAndLoginValidation" name="titleValidation" time="7.966"/>
  <system-out/>
</testsuite> <!-- com.neotech.lesson01.TitleAndLoginValidation -->
