<?xml version="1.0" encoding="UTF-8"?>
<!-- Generated by org.testng.reporters.JUnitReportReporter -->
<testsuite hostname="DESKTOP-15K0U18" failures="0" tests="5" name="homeworks.week2hw1" time="0.008" errors="0" timestamp="2021-10-03T21:39:42 PDT" skipped="0">
  <testcase classname="homeworks.week2hw1" name="fourthMethod" time="0.007"/>
  <system-out/>
  <testcase classname="homeworks.week2hw1" name="thirdMethod" time="0.001"/>
  <system-out/>
  <testcase classname="homeworks.week2hw1" name="secondMethod" time="0.000"/>
  <system-out/>
  <testcase classname="homeworks.week2hw1" name="firstMethod1" time="0.000"/>
  <system-out/>
  <testcase classname="homeworks.week2hw1" name="firstMethod" time="0.000"/>
  <system-out/>
</testsuite> <!-- homeworks.week2hw1 -->
