<?xml version="1.0" encoding="UTF-8"?>
<!-- Generated by org.testng.reporters.JUnitReportReporter -->
<testsuite hostname="DESKTOP-15K0U18" failures="0" tests="4" name="homeworks.week3hw12" time="71.960" errors="0" timestamp="2021-10-07T18:19:31 PDT" skipped="0">
  <testcase classname="homeworks.week3hw12" name="addEmployee" time="18.303"/>
  <system-out/>
  <testcase classname="homeworks.week3hw12" name="addEmployee" time="17.729"/>
  <system-out/>
  <testcase classname="homeworks.week3hw12" name="addEmployee" time="17.830"/>
  <system-out/>
  <testcase classname="homeworks.week3hw12" name="addEmployee" time="18.098"/>
  <system-out/>
</testsuite> <!-- homeworks.week3hw12 -->
