<?xml version="1.0" encoding="UTF-8"?>
<!-- Generated by org.testng.reporters.JUnitReportReporter -->
<testsuite hostname="DESKTOP-15K0U18" failures="0" tests="3" name="com.neotech.lesson03.GroupsDemo" time="0.008" errors="0" timestamp="2021-10-05T17:26:53 PDT" skipped="0">
  <testcase classname="com.neotech.lesson03.GroupsDemo" name="test1" time="0.005"/>
  <system-out/>
  <testcase classname="com.neotech.lesson03.GroupsDemo" name="test2" time="0.001"/>
  <system-out/>
  <testcase classname="com.neotech.lesson03.GroupsDemo" name="test4" time="0.002"/>
  <system-out/>
</testsuite> <!-- com.neotech.lesson03.GroupsDemo -->
