<?xml version="1.0" encoding="UTF-8"?>
<!-- Generated by org.testng.reporters.JUnitReportReporter -->
<testsuite hostname="DESKTOP-15K0U18" failures="0" tests="2" name="com.neotech.lesson02.AssertDemo" time="6.211" errors="0" timestamp="2021-10-09T13:12:20 PDT" skipped="1">
  <testcase classname="com.neotech.lesson02.AssertDemo" name="validationLogo" time="6.211"/>
  <system-out/>
  <testcase classname="com.neotech.lesson02.AssertDemo" name="titleValidation">
    <skipped/>
  </testcase> <!-- titleValidation -->
  <system-out/>
</testsuite> <!-- com.neotech.lesson02.AssertDemo -->
