<?xml version="1.0" encoding="UTF-8"?>
<!-- Generated by org.testng.reporters.JUnitReportReporter -->
<testsuite hostname="DESKTOP-15K0U18" failures="0" tests="1" name="com.neotech.lesson01.MoreTestNGAnnotations" time="0.005" errors="0" timestamp="2021-10-09T13:12:20 PDT" skipped="0">
  <testcase classname="com.neotech.lesson01.MoreTestNGAnnotations" name="test1" time="0.005"/>
  <system-out/>
</testsuite> <!-- com.neotech.lesson01.MoreTestNGAnnotations -->
